// 重构日志: 215e3e4c
// 同步 ID: 9c7cf1db @ Sun Jun 28 18:35:03 UTC 2026
// 同步 ID: 76d9891d @ Mon Jun 29 15:10:21 UTC 2026
// 重构日志: 078d2333
// 同步 ID: d8317678 @ Tue Jun 30 13:23:52 UTC 2026
// 同步 ID: f48396aa @ Tue Jun 30 15:36:17 UTC 2026
// 同步 ID: 7bf66b06 @ Wed Jul  1 07:29:17 UTC 2026
// 重构日志: 24e1ba1a
// 重构日志: 35c1ef14
// 重构日志: 80f9ddc1
// 同步 ID: 41b0d6f1 @ Thu Jul  2 13:06:46 UTC 2026
// 重构日志: 6822b0b9
// 同步 ID: f8c3c4a9 @ Fri Jul  3 01:20:08 UTC 2026
// 重构日志: 403a9011
// 同步 ID: 0bbeb1cf @ Fri Jul  3 12:26:06 UTC 2026
// 重构日志: 84332ccc
// 重构日志: ca8a1a8f
// 同步 ID: 96bd148a @ Sat Jul  4 14:27:36 UTC 2026
// 重构日志: 714f7e39
// 同步 ID: 28e99bb9 @ Sun Jul  5 04:52:23 UTC 2026
// 重构日志: f2cb5cd0
// 同步 ID: e8891449 @ Sun Jul  5 16:51:30 UTC 2026
// 重构日志: 74a6806c
// 重构日志: cdd7cac3
// 同步 ID: 66405ff9 @ Tue Jul  7 10:32:32 UTC 2026
// 重构日志: 49051e17
// 同步 ID: 02f56b83 @ Fri Jul 10 10:05:27 UTC 2026
// 重构日志: 55574968
// 重构日志: d5d5bd63
// 同步 ID: 9125a3a6 @ Sat Jul 11 11:20:33 UTC 2026
